{"C:\\Users\\Siarhei_Ivaneichyk\\Desktop\\reactMentoring\\reactApplication\\src\\App.js": {"path":"C:\\Users\\Siarhei_Ivaneichyk\\Desktop\\reactMentoring\\reactApplication\\src\\App.js","statementMap":{"0":{"start":{"line":11,"column":12},"end":{"line":24,"column":1}},"1":{"start":{"line":12,"column":4},"end":{"line":23,"column":5}},"2":{"start":{"line":16,"column":59},"end":{"line":16,"column":85}},"3":{"start":{"line":17,"column":59},"end":{"line":17,"column":85}},"4":{"start":{"line":18,"column":63},"end":{"line":18,"column":89}}},"fnMap":{"0":{"name":"(anonymous_0)","decl":{"start":{"line":11,"column":12},"end":{"line":11,"column":13}},"loc":{"start":{"line":11,"column":18},"end":{"line":24,"column":1}},"line":11},"1":{"name":"(anonymous_1)","decl":{"start":{"line":16,"column":50},"end":{"line":16,"column":51}},"loc":{"start":{"line":16,"column":59},"end":{"line":16,"column":85}},"line":16},"2":{"name":"(anonymous_2)","decl":{"start":{"line":17,"column":50},"end":{"line":17,"column":51}},"loc":{"start":{"line":17,"column":59},"end":{"line":17,"column":85}},"line":17},"3":{"name":"(anonymous_3)","decl":{"start":{"line":18,"column":54},"end":{"line":18,"column":55}},"loc":{"start":{"line":18,"column":63},"end":{"line":18,"column":89}},"line":18}},"branchMap":{},"s":{"0":0,"1":0,"2":0,"3":0,"4":0},"f":{"0":0,"1":0,"2":0,"3":0},"b":{}}
,"C:\\Users\\Siarhei_Ivaneichyk\\Desktop\\reactMentoring\\reactApplication\\src\\components\\footer\\index.js": {"path":"C:\\Users\\Siarhei_Ivaneichyk\\Desktop\\reactMentoring\\reactApplication\\src\\components\\footer\\index.js","statementMap":{},"fnMap":{},"branchMap":{},"s":{},"f":{},"b":{},"_coverageSchema":"1a1c01bbd47fc00a2c39e90264f33305004495a9","hash":"ad6f7a9b18d53263b870c21c8e971221e3e7bf83"}
,"C:\\Users\\Siarhei_Ivaneichyk\\Desktop\\reactMentoring\\reactApplication\\src\\components\\movieList\\movieList.jsx": {"path":"C:\\Users\\Siarhei_Ivaneichyk\\Desktop\\reactMentoring\\reactApplication\\src\\components\\movieList\\movieList.jsx","statementMap":{"0":{"start":{"line":10,"column":18},"end":{"line":83,"column":1}},"1":{"start":{"line":11,"column":36},"end":{"line":11,"column":51}},"2":{"start":{"line":12,"column":50},"end":{"line":12,"column":55}},"3":{"start":{"line":13,"column":4},"end":{"line":13,"column":29}},"4":{"start":{"line":15,"column":4},"end":{"line":18,"column":11}},"5":{"start":{"line":16,"column":8},"end":{"line":16,"column":56}},"6":{"start":{"line":17,"column":8},"end":{"line":17,"column":72}},"7":{"start":{"line":17,"column":21},"end":{"line":17,"column":71}},"8":{"start":{"line":20,"column":4},"end":{"line":23,"column":19}},"9":{"start":{"line":21,"column":27},"end":{"line":21,"column":45}},"10":{"start":{"line":22,"column":8},"end":{"line":22,"column":87}},"11":{"start":{"line":25,"column":4},"end":{"line":30,"column":19}},"12":{"start":{"line":26,"column":8},"end":{"line":28,"column":9}},"13":{"start":{"line":27,"column":12},"end":{"line":27,"column":106}},"14":{"start":{"line":29,"column":8},"end":{"line":29,"column":27}},"15":{"start":{"line":32,"column":25},"end":{"line":36,"column":5}},"16":{"start":{"line":33,"column":8},"end":{"line":35,"column":9}},"17":{"start":{"line":34,"column":12},"end":{"line":34,"column":30}},"18":{"start":{"line":38,"column":27},"end":{"line":44,"column":5}},"19":{"start":{"line":39,"column":8},"end":{"line":43,"column":9}},"20":{"start":{"line":40,"column":12},"end":{"line":40,"column":87}},"21":{"start":{"line":42,"column":12},"end":{"line":42,"column":105}},"22":{"start":{"line":46,"column":25},"end":{"line":54,"column":5}},"23":{"start":{"line":47,"column":8},"end":{"line":53,"column":9}},"24":{"start":{"line":48,"column":12},"end":{"line":48,"column":92}},"25":{"start":{"line":49,"column":15},"end":{"line":53,"column":9}},"26":{"start":{"line":50,"column":12},"end":{"line":50,"column":91}},"27":{"start":{"line":52,"column":12},"end":{"line":52,"column":93}},"28":{"start":{"line":56,"column":27},"end":{"line":59,"column":5}},"29":{"start":{"line":57,"column":8},"end":{"line":57,"column":48}},"30":{"start":{"line":58,"column":8},"end":{"line":58,"column":26}},"31":{"start":{"line":61,"column":4},"end":{"line":82,"column":5}},"32":{"start":{"line":77,"column":82},"end":{"line":77,"column":126}},"33":{"start":{"line":85,"column":24},"end":{"line":94,"column":1}},"34":{"start":{"line":86,"column":4},"end":{"line":93,"column":5}}},"fnMap":{"0":{"name":"(anonymous_0)","decl":{"start":{"line":10,"column":18},"end":{"line":10,"column":19}},"loc":{"start":{"line":10,"column":29},"end":{"line":83,"column":1}},"line":10},"1":{"name":"(anonymous_1)","decl":{"start":{"line":15,"column":14},"end":{"line":15,"column":15}},"loc":{"start":{"line":15,"column":20},"end":{"line":18,"column":5}},"line":15},"2":{"name":"(anonymous_2)","decl":{"start":{"line":17,"column":15},"end":{"line":17,"column":16}},"loc":{"start":{"line":17,"column":21},"end":{"line":17,"column":71}},"line":17},"3":{"name":"(anonymous_3)","decl":{"start":{"line":20,"column":14},"end":{"line":20,"column":15}},"loc":{"start":{"line":20,"column":20},"end":{"line":23,"column":5}},"line":20},"4":{"name":"(anonymous_4)","decl":{"start":{"line":25,"column":14},"end":{"line":25,"column":15}},"loc":{"start":{"line":25,"column":20},"end":{"line":30,"column":5}},"line":25},"5":{"name":"(anonymous_5)","decl":{"start":{"line":32,"column":25},"end":{"line":32,"column":26}},"loc":{"start":{"line":32,"column":31},"end":{"line":36,"column":5}},"line":32},"6":{"name":"(anonymous_6)","decl":{"start":{"line":38,"column":27},"end":{"line":38,"column":28}},"loc":{"start":{"line":38,"column":34},"end":{"line":44,"column":5}},"line":38},"7":{"name":"(anonymous_7)","decl":{"start":{"line":46,"column":25},"end":{"line":46,"column":26}},"loc":{"start":{"line":46,"column":32},"end":{"line":54,"column":5}},"line":46},"8":{"name":"(anonymous_8)","decl":{"start":{"line":56,"column":27},"end":{"line":56,"column":28}},"loc":{"start":{"line":56,"column":41},"end":{"line":59,"column":5}},"line":56},"9":{"name":"(anonymous_9)","decl":{"start":{"line":77,"column":73},"end":{"line":77,"column":74}},"loc":{"start":{"line":77,"column":82},"end":{"line":77,"column":126}},"line":77},"10":{"name":"(anonymous_10)","decl":{"start":{"line":85,"column":24},"end":{"line":85,"column":25}},"loc":{"start":{"line":85,"column":35},"end":{"line":94,"column":1}},"line":85}},"branchMap":{"0":{"loc":{"start":{"line":26,"column":8},"end":{"line":28,"column":9}},"type":"if","locations":[{"start":{"line":26,"column":8},"end":{"line":28,"column":9}},{"start":{"line":26,"column":8},"end":{"line":28,"column":9}}],"line":26},"1":{"loc":{"start":{"line":33,"column":8},"end":{"line":35,"column":9}},"type":"if","locations":[{"start":{"line":33,"column":8},"end":{"line":35,"column":9}},{"start":{"line":33,"column":8},"end":{"line":35,"column":9}}],"line":33},"2":{"loc":{"start":{"line":39,"column":8},"end":{"line":43,"column":9}},"type":"if","locations":[{"start":{"line":39,"column":8},"end":{"line":43,"column":9}},{"start":{"line":39,"column":8},"end":{"line":43,"column":9}}],"line":39},"3":{"loc":{"start":{"line":47,"column":8},"end":{"line":53,"column":9}},"type":"if","locations":[{"start":{"line":47,"column":8},"end":{"line":53,"column":9}},{"start":{"line":47,"column":8},"end":{"line":53,"column":9}}],"line":47},"4":{"loc":{"start":{"line":47,"column":12},"end":{"line":47,"column":75}},"type":"binary-expr","locations":[{"start":{"line":47,"column":12},"end":{"line":47,"column":13}},{"start":{"line":47,"column":17},"end":{"line":47,"column":75}}],"line":47},"5":{"loc":{"start":{"line":49,"column":15},"end":{"line":53,"column":9}},"type":"if","locations":[{"start":{"line":49,"column":15},"end":{"line":53,"column":9}},{"start":{"line":49,"column":15},"end":{"line":53,"column":9}}],"line":49},"6":{"loc":{"start":{"line":49,"column":19},"end":{"line":49,"column":81}},"type":"binary-expr","locations":[{"start":{"line":49,"column":19},"end":{"line":49,"column":20}},{"start":{"line":49,"column":24},"end":{"line":49,"column":81}}],"line":49},"7":{"loc":{"start":{"line":73,"column":17},"end":{"line":73,"column":145}},"type":"binary-expr","locations":[{"start":{"line":73,"column":17},"end":{"line":73,"column":45}},{"start":{"line":73,"column":49},"end":{"line":73,"column":145}}],"line":73},"8":{"loc":{"start":{"line":73,"column":90},"end":{"line":73,"column":125}},"type":"binary-expr","locations":[{"start":{"line":73,"column":90},"end":{"line":73,"column":102}},{"start":{"line":73,"column":106},"end":{"line":73,"column":125}}],"line":73},"9":{"loc":{"start":{"line":74,"column":17},"end":{"line":74,"column":127}},"type":"binary-expr","locations":[{"start":{"line":74,"column":17},"end":{"line":74,"column":46}},{"start":{"line":74,"column":50},"end":{"line":74,"column":127}}],"line":74},"10":{"loc":{"start":{"line":77,"column":24},"end":{"line":77,"column":127}},"type":"binary-expr","locations":[{"start":{"line":77,"column":24},"end":{"line":77,"column":52}},{"start":{"line":77,"column":56},"end":{"line":77,"column":127}}],"line":77}},"s":{"0":0,"1":0,"2":0,"3":0,"4":0,"5":0,"6":0,"7":0,"8":0,"9":0,"10":0,"11":0,"12":0,"13":0,"14":0,"15":0,"16":0,"17":0,"18":0,"19":0,"20":0,"21":0,"22":0,"23":0,"24":0,"25":0,"26":0,"27":0,"28":0,"29":0,"30":0,"31":0,"32":0,"33":0,"34":0},"f":{"0":0,"1":0,"2":0,"3":0,"4":0,"5":0,"6":0,"7":0,"8":0,"9":0,"10":0},"b":{"0":[0,0],"1":[0,0],"2":[0,0],"3":[0,0],"4":[0,0],"5":[0,0],"6":[0,0],"7":[0,0],"8":[0,0],"9":[0,0],"10":[0,0]}}
,"C:\\Users\\Siarhei_Ivaneichyk\\Desktop\\reactMentoring\\reactApplication\\src\\components\\movieList\\editMovieModal\\editMovieModal.jsx": {"path":"C:\\Users\\Siarhei_Ivaneichyk\\Desktop\\reactMentoring\\reactApplication\\src\\components\\movieList\\editMovieModal\\editMovieModal.jsx","statementMap":{"0":{"start":{"line":13,"column":23},"end":{"line":151,"column":1}},"1":{"start":{"line":14,"column":50},"end":{"line":14,"column":55}},"2":{"start":{"line":15,"column":37},"end":{"line":25,"column":5}},"3":{"start":{"line":27,"column":27},"end":{"line":35,"column":5}},"4":{"start":{"line":28,"column":23},"end":{"line":28,"column":106}},"5":{"start":{"line":29,"column":8},"end":{"line":33,"column":9}},"6":{"start":{"line":29,"column":63},"end":{"line":29,"column":90}},"7":{"start":{"line":30,"column":12},"end":{"line":30,"column":64}},"8":{"start":{"line":32,"column":12},"end":{"line":32,"column":45}},"9":{"start":{"line":34,"column":8},"end":{"line":34,"column":22}},"10":{"start":{"line":37,"column":29},"end":{"line":47,"column":6}},"11":{"start":{"line":49,"column":4},"end":{"line":150,"column":13}},"12":{"start":{"line":49,"column":105},"end":{"line":49,"column":127}},"13":{"start":{"line":52,"column":16},"end":{"line":147,"column":23}},"14":{"start":{"line":62,"column":66},"end":{"line":62,"column":109}},"15":{"start":{"line":72,"column":73},"end":{"line":72,"column":116}},"16":{"start":{"line":82,"column":72},"end":{"line":82,"column":115}},"17":{"start":{"line":104,"column":71},"end":{"line":104,"column":114}},"18":{"start":{"line":115,"column":69},"end":{"line":115,"column":112}},"19":{"start":{"line":125,"column":73},"end":{"line":125,"column":116}},"20":{"start":{"line":135,"column":68},"end":{"line":135,"column":111}}},"fnMap":{"0":{"name":"(anonymous_0)","decl":{"start":{"line":13,"column":23},"end":{"line":13,"column":24}},"loc":{"start":{"line":13,"column":34},"end":{"line":151,"column":1}},"line":13},"1":{"name":"(anonymous_1)","decl":{"start":{"line":27,"column":27},"end":{"line":27,"column":28}},"loc":{"start":{"line":27,"column":37},"end":{"line":35,"column":5}},"line":27},"2":{"name":"(anonymous_2)","decl":{"start":{"line":29,"column":52},"end":{"line":29,"column":53}},"loc":{"start":{"line":29,"column":63},"end":{"line":29,"column":90}},"line":29},"3":{"name":"(anonymous_3)","decl":{"start":{"line":49,"column":93},"end":{"line":49,"column":94}},"loc":{"start":{"line":49,"column":105},"end":{"line":49,"column":127}},"line":49},"4":{"name":"(anonymous_4)","decl":{"start":{"line":51,"column":12},"end":{"line":51,"column":13}},"loc":{"start":{"line":51,"column":34},"end":{"line":148,"column":13}},"line":51},"5":{"name":"(anonymous_5)","decl":{"start":{"line":62,"column":59},"end":{"line":62,"column":60}},"loc":{"start":{"line":62,"column":66},"end":{"line":62,"column":109}},"line":62},"6":{"name":"(anonymous_6)","decl":{"start":{"line":72,"column":66},"end":{"line":72,"column":67}},"loc":{"start":{"line":72,"column":73},"end":{"line":72,"column":116}},"line":72},"7":{"name":"(anonymous_7)","decl":{"start":{"line":82,"column":65},"end":{"line":82,"column":66}},"loc":{"start":{"line":82,"column":72},"end":{"line":82,"column":115}},"line":82},"8":{"name":"(anonymous_8)","decl":{"start":{"line":104,"column":64},"end":{"line":104,"column":65}},"loc":{"start":{"line":104,"column":71},"end":{"line":104,"column":114}},"line":104},"9":{"name":"(anonymous_9)","decl":{"start":{"line":115,"column":62},"end":{"line":115,"column":63}},"loc":{"start":{"line":115,"column":69},"end":{"line":115,"column":112}},"line":115},"10":{"name":"(anonymous_10)","decl":{"start":{"line":125,"column":66},"end":{"line":125,"column":67}},"loc":{"start":{"line":125,"column":73},"end":{"line":125,"column":116}},"line":125},"11":{"name":"(anonymous_11)","decl":{"start":{"line":135,"column":61},"end":{"line":135,"column":62}},"loc":{"start":{"line":135,"column":68},"end":{"line":135,"column":111}},"line":135}},"branchMap":{"0":{"loc":{"start":{"line":29,"column":8},"end":{"line":33,"column":9}},"type":"if","locations":[{"start":{"line":29,"column":8},"end":{"line":33,"column":9}},{"start":{"line":29,"column":8},"end":{"line":33,"column":9}}],"line":29}},"s":{"0":1,"1":10,"2":10,"3":10,"4":0,"5":0,"6":0,"7":0,"8":0,"9":0,"10":10,"11":10,"12":0,"13":41,"14":0,"15":0,"16":0,"17":0,"18":0,"19":0,"20":0},"f":{"0":10,"1":0,"2":0,"3":0,"4":41,"5":0,"6":0,"7":0,"8":0,"9":0,"10":0,"11":0},"b":{"0":[0,0]},"_coverageSchema":"1a1c01bbd47fc00a2c39e90264f33305004495a9","hash":"331a97336ee6fb1ef860ce2acc193a7c076441cf"}
,"C:\\Users\\Siarhei_Ivaneichyk\\Desktop\\reactMentoring\\reactApplication\\src\\pages\\filmPage\\filmPage.jsx": {"path":"C:\\Users\\Siarhei_Ivaneichyk\\Desktop\\reactMentoring\\reactApplication\\src\\pages\\filmPage\\filmPage.jsx","statementMap":{"0":{"start":{"line":6,"column":17},"end":{"line":14,"column":1}},"1":{"start":{"line":7,"column":4},"end":{"line":13,"column":5}}},"fnMap":{"0":{"name":"(anonymous_0)","decl":{"start":{"line":6,"column":17},"end":{"line":6,"column":18}},"loc":{"start":{"line":6,"column":28},"end":{"line":14,"column":1}},"line":6}},"branchMap":{},"s":{"0":0,"1":0},"f":{"0":0},"b":{}}
,"C:\\Users\\Siarhei_Ivaneichyk\\Desktop\\reactMentoring\\reactApplication\\src\\redux\\actions.js": {"path":"C:\\Users\\Siarhei_Ivaneichyk\\Desktop\\reactMentoring\\reactApplication\\src\\redux\\actions.js","statementMap":{"0":{"start":{"line":3,"column":40},"end":{"line":3,"column":66}},"1":{"start":{"line":4,"column":34},"end":{"line":4,"column":54}},"2":{"start":{"line":5,"column":34},"end":{"line":5,"column":54}},"3":{"start":{"line":6,"column":25},"end":{"line":6,"column":36}},"4":{"start":{"line":7,"column":28},"end":{"line":7,"column":42}},"5":{"start":{"line":8,"column":25},"end":{"line":8,"column":36}},"6":{"start":{"line":10,"column":33},"end":{"line":18,"column":2}},"7":{"start":{"line":10,"column":99},"end":{"line":18,"column":1}},"8":{"start":{"line":20,"column":27},"end":{"line":23,"column":2}},"9":{"start":{"line":20,"column":38},"end":{"line":23,"column":1}},"10":{"start":{"line":25,"column":32},"end":{"line":28,"column":2}},"11":{"start":{"line":25,"column":41},"end":{"line":28,"column":1}},"12":{"start":{"line":30,"column":32},"end":{"line":33,"column":2}},"13":{"start":{"line":30,"column":41},"end":{"line":33,"column":1}},"14":{"start":{"line":35,"column":33},"end":{"line":38,"column":2}},"15":{"start":{"line":35,"column":42},"end":{"line":38,"column":1}},"16":{"start":{"line":40,"column":33},"end":{"line":44,"column":2}},"17":{"start":{"line":40,"column":48},"end":{"line":44,"column":1}},"18":{"start":{"line":46,"column":29},"end":{"line":54,"column":1}},"19":{"start":{"line":46,"column":83},"end":{"line":54,"column":1}},"20":{"start":{"line":47,"column":4},"end":{"line":53,"column":5}},"21":{"start":{"line":48,"column":25},"end":{"line":49,"column":40}},"22":{"start":{"line":49,"column":28},"end":{"line":49,"column":39}},"23":{"start":{"line":50,"column":8},"end":{"line":50,"column":98}},"24":{"start":{"line":52,"column":8},"end":{"line":52,"column":24}},"25":{"start":{"line":56,"column":28},"end":{"line":63,"column":1}},"26":{"start":{"line":56,"column":36},"end":{"line":63,"column":1}},"27":{"start":{"line":57,"column":4},"end":{"line":62,"column":5}},"28":{"start":{"line":58,"column":21},"end":{"line":58,"column":104}},"29":{"start":{"line":58,"column":88},"end":{"line":58,"column":103}},"30":{"start":{"line":59,"column":8},"end":{"line":59,"column":42}},"31":{"start":{"line":61,"column":8},"end":{"line":61,"column":24}},"32":{"start":{"line":65,"column":27},"end":{"line":74,"column":1}},"33":{"start":{"line":65,"column":35},"end":{"line":74,"column":1}},"34":{"start":{"line":66,"column":4},"end":{"line":73,"column":5}},"35":{"start":{"line":67,"column":8},"end":{"line":69,"column":11}},"36":{"start":{"line":70,"column":8},"end":{"line":70,"column":50}},"37":{"start":{"line":72,"column":8},"end":{"line":72,"column":24}},"38":{"start":{"line":76,"column":24},"end":{"line":87,"column":1}},"39":{"start":{"line":76,"column":38},"end":{"line":87,"column":1}},"40":{"start":{"line":77,"column":4},"end":{"line":86,"column":5}},"41":{"start":{"line":78,"column":31},"end":{"line":82,"column":44}},"42":{"start":{"line":82,"column":28},"end":{"line":82,"column":43}},"43":{"start":{"line":83,"column":8},"end":{"line":83,"column":58}},"44":{"start":{"line":85,"column":8},"end":{"line":85,"column":24}},"45":{"start":{"line":89,"column":27},"end":{"line":100,"column":1}},"46":{"start":{"line":89,"column":41},"end":{"line":100,"column":1}},"47":{"start":{"line":90,"column":4},"end":{"line":99,"column":5}},"48":{"start":{"line":91,"column":28},"end":{"line":95,"column":44}},"49":{"start":{"line":95,"column":28},"end":{"line":95,"column":43}},"50":{"start":{"line":96,"column":8},"end":{"line":96,"column":71}},"51":{"start":{"line":98,"column":8},"end":{"line":98,"column":24}}},"fnMap":{"0":{"name":"(anonymous_0)","decl":{"start":{"line":10,"column":33},"end":{"line":10,"column":34}},"loc":{"start":{"line":10,"column":99},"end":{"line":18,"column":1}},"line":10},"1":{"name":"(anonymous_1)","decl":{"start":{"line":20,"column":27},"end":{"line":20,"column":28}},"loc":{"start":{"line":20,"column":38},"end":{"line":23,"column":1}},"line":20},"2":{"name":"(anonymous_2)","decl":{"start":{"line":25,"column":32},"end":{"line":25,"column":33}},"loc":{"start":{"line":25,"column":41},"end":{"line":28,"column":1}},"line":25},"3":{"name":"(anonymous_3)","decl":{"start":{"line":30,"column":32},"end":{"line":30,"column":33}},"loc":{"start":{"line":30,"column":41},"end":{"line":33,"column":1}},"line":30},"4":{"name":"(anonymous_4)","decl":{"start":{"line":35,"column":33},"end":{"line":35,"column":34}},"loc":{"start":{"line":35,"column":42},"end":{"line":38,"column":1}},"line":35},"5":{"name":"(anonymous_5)","decl":{"start":{"line":40,"column":33},"end":{"line":40,"column":34}},"loc":{"start":{"line":40,"column":48},"end":{"line":44,"column":1}},"line":40},"6":{"name":"(anonymous_6)","decl":{"start":{"line":46,"column":29},"end":{"line":46,"column":30}},"loc":{"start":{"line":46,"column":83},"end":{"line":54,"column":1}},"line":46},"7":{"name":"(anonymous_7)","decl":{"start":{"line":46,"column":83},"end":{"line":46,"column":84}},"loc":{"start":{"line":46,"column":101},"end":{"line":54,"column":1}},"line":46},"8":{"name":"(anonymous_8)","decl":{"start":{"line":49,"column":18},"end":{"line":49,"column":19}},"loc":{"start":{"line":49,"column":28},"end":{"line":49,"column":39}},"line":49},"9":{"name":"(anonymous_9)","decl":{"start":{"line":56,"column":28},"end":{"line":56,"column":29}},"loc":{"start":{"line":56,"column":36},"end":{"line":63,"column":1}},"line":56},"10":{"name":"(anonymous_10)","decl":{"start":{"line":56,"column":36},"end":{"line":56,"column":37}},"loc":{"start":{"line":56,"column":54},"end":{"line":63,"column":1}},"line":56},"11":{"name":"(anonymous_11)","decl":{"start":{"line":58,"column":76},"end":{"line":58,"column":77}},"loc":{"start":{"line":58,"column":88},"end":{"line":58,"column":103}},"line":58},"12":{"name":"(anonymous_12)","decl":{"start":{"line":65,"column":27},"end":{"line":65,"column":28}},"loc":{"start":{"line":65,"column":35},"end":{"line":74,"column":1}},"line":65},"13":{"name":"(anonymous_13)","decl":{"start":{"line":65,"column":35},"end":{"line":65,"column":36}},"loc":{"start":{"line":65,"column":53},"end":{"line":74,"column":1}},"line":65},"14":{"name":"(anonymous_14)","decl":{"start":{"line":76,"column":24},"end":{"line":76,"column":25}},"loc":{"start":{"line":76,"column":38},"end":{"line":87,"column":1}},"line":76},"15":{"name":"(anonymous_15)","decl":{"start":{"line":76,"column":38},"end":{"line":76,"column":39}},"loc":{"start":{"line":76,"column":56},"end":{"line":87,"column":1}},"line":76},"16":{"name":"(anonymous_16)","decl":{"start":{"line":82,"column":16},"end":{"line":82,"column":17}},"loc":{"start":{"line":82,"column":28},"end":{"line":82,"column":43}},"line":82},"17":{"name":"(anonymous_17)","decl":{"start":{"line":89,"column":27},"end":{"line":89,"column":28}},"loc":{"start":{"line":89,"column":41},"end":{"line":100,"column":1}},"line":89},"18":{"name":"(anonymous_18)","decl":{"start":{"line":89,"column":41},"end":{"line":89,"column":42}},"loc":{"start":{"line":89,"column":59},"end":{"line":100,"column":1}},"line":89},"19":{"name":"(anonymous_19)","decl":{"start":{"line":95,"column":16},"end":{"line":95,"column":17}},"loc":{"start":{"line":95,"column":28},"end":{"line":95,"column":43}},"line":95}},"branchMap":{"0":{"loc":{"start":{"line":48,"column":91},"end":{"line":48,"column":133}},"type":"cond-expr","locations":[{"start":{"line":48,"column":100},"end":{"line":48,"column":119}},{"start":{"line":48,"column":122},"end":{"line":48,"column":133}}],"line":48},"1":{"loc":{"start":{"line":48,"column":136},"end":{"line":48,"column":193}},"type":"cond-expr","locations":[{"start":{"line":48,"column":144},"end":{"line":48,"column":188}},{"start":{"line":48,"column":191},"end":{"line":48,"column":193}}],"line":48},"2":{"loc":{"start":{"line":48,"column":196},"end":{"line":48,"column":304}},"type":"cond-expr","locations":[{"start":{"line":48,"column":217},"end":{"line":48,"column":232}},{"start":{"line":48,"column":235},"end":{"line":48,"column":304}}],"line":48},"3":{"loc":{"start":{"line":48,"column":235},"end":{"line":48,"column":304}},"type":"cond-expr","locations":[{"start":{"line":48,"column":257},"end":{"line":48,"column":279}},{"start":{"line":48,"column":282},"end":{"line":48,"column":304}}],"line":48},"4":{"loc":{"start":{"line":48,"column":307},"end":{"line":48,"column":340}},"type":"cond-expr","locations":[{"start":{"line":48,"column":316},"end":{"line":48,"column":335}},{"start":{"line":48,"column":338},"end":{"line":48,"column":340}}],"line":48}},"s":{"0":2,"1":2,"2":2,"3":2,"4":2,"5":2,"6":2,"7":0,"8":2,"9":0,"10":2,"11":0,"12":2,"13":0,"14":2,"15":0,"16":2,"17":0,"18":2,"19":0,"20":0,"21":0,"22":0,"23":0,"24":0,"25":2,"26":0,"27":0,"28":0,"29":0,"30":0,"31":0,"32":2,"33":0,"34":0,"35":0,"36":0,"37":0,"38":2,"39":0,"40":0,"41":0,"42":0,"43":0,"44":0,"45":2,"46":0,"47":0,"48":0,"49":0,"50":0,"51":0},"f":{"0":0,"1":0,"2":0,"3":0,"4":0,"5":0,"6":0,"7":0,"8":0,"9":0,"10":0,"11":0,"12":0,"13":0,"14":0,"15":0,"16":0,"17":0,"18":0,"19":0},"b":{"0":[0,0],"1":[0,0],"2":[0,0],"3":[0,0],"4":[0,0]},"_coverageSchema":"1a1c01bbd47fc00a2c39e90264f33305004495a9","hash":"b0b789f73eae58259799b4cd37bc301d60db15b6"}
,"C:\\Users\\Siarhei_Ivaneichyk\\Desktop\\reactMentoring\\reactApplication\\src\\redux\\store.js": {"path":"C:\\Users\\Siarhei_Ivaneichyk\\Desktop\\reactMentoring\\reactApplication\\src\\redux\\store.js","statementMap":{"0":{"start":{"line":6,"column":21},"end":{"line":6,"column":100}}},"fnMap":{},"branchMap":{},"s":{"0":2},"f":{},"b":{},"_coverageSchema":"1a1c01bbd47fc00a2c39e90264f33305004495a9","hash":"a6438eb838e841573c3e6f8e28decde1a0285cce"}
,"C:\\Users\\Siarhei_Ivaneichyk\\Desktop\\reactMentoring\\reactApplication\\src\\redux\\reducers\\homePage.js": {"path":"C:\\Users\\Siarhei_Ivaneichyk\\Desktop\\reactMentoring\\reactApplication\\src\\redux\\reducers\\homePage.js","statementMap":{"0":{"start":{"line":3,"column":21},"end":{"line":11,"column":1}},"1":{"start":{"line":13,"column":24},"end":{"line":32,"column":1}},"2":{"start":{"line":14,"column":4},"end":{"line":31,"column":5}},"3":{"start":{"line":16,"column":30},"end":{"line":16,"column":199}},"4":{"start":{"line":17,"column":12},"end":{"line":17,"column":151}},"5":{"start":{"line":19,"column":12},"end":{"line":19,"column":66}},"6":{"start":{"line":21,"column":12},"end":{"line":21,"column":59}},"7":{"start":{"line":23,"column":12},"end":{"line":23,"column":60}},"8":{"start":{"line":25,"column":12},"end":{"line":25,"column":75}},"9":{"start":{"line":27,"column":32},"end":{"line":27,"column":106}},"10":{"start":{"line":27,"column":58},"end":{"line":27,"column":105}},"11":{"start":{"line":28,"column":12},"end":{"line":28,"column":53}},"12":{"start":{"line":30,"column":12},"end":{"line":30,"column":25}}},"fnMap":{"0":{"name":"(anonymous_0)","decl":{"start":{"line":13,"column":24},"end":{"line":13,"column":25}},"loc":{"start":{"line":13,"column":58},"end":{"line":32,"column":1}},"line":13},"1":{"name":"(anonymous_1)","decl":{"start":{"line":27,"column":49},"end":{"line":27,"column":50}},"loc":{"start":{"line":27,"column":58},"end":{"line":27,"column":105}},"line":27}},"branchMap":{"0":{"loc":{"start":{"line":13,"column":25},"end":{"line":13,"column":45}},"type":"default-arg","locations":[{"start":{"line":13,"column":33},"end":{"line":13,"column":45}}],"line":13},"1":{"loc":{"start":{"line":14,"column":4},"end":{"line":31,"column":5}},"type":"switch","locations":[{"start":{"line":15,"column":8},"end":{"line":17,"column":151}},{"start":{"line":18,"column":8},"end":{"line":19,"column":66}},{"start":{"line":20,"column":8},"end":{"line":21,"column":59}},{"start":{"line":22,"column":8},"end":{"line":23,"column":60}},{"start":{"line":24,"column":8},"end":{"line":25,"column":75}},{"start":{"line":26,"column":8},"end":{"line":28,"column":53}},{"start":{"line":29,"column":8},"end":{"line":30,"column":25}}],"line":14},"2":{"loc":{"start":{"line":16,"column":30},"end":{"line":16,"column":199}},"type":"cond-expr","locations":[{"start":{"line":16,"column":104},"end":{"line":16,"column":115}},{"start":{"line":16,"column":118},"end":{"line":16,"column":199}}],"line":16},"3":{"loc":{"start":{"line":16,"column":30},"end":{"line":16,"column":101}},"type":"binary-expr","locations":[{"start":{"line":16,"column":31},"end":{"line":16,"column":49}},{"start":{"line":16,"column":53},"end":{"line":16,"column":72}},{"start":{"line":16,"column":77},"end":{"line":16,"column":101}}],"line":16},"4":{"loc":{"start":{"line":16,"column":118},"end":{"line":16,"column":199}},"type":"cond-expr","locations":[{"start":{"line":16,"column":151},"end":{"line":16,"column":163}},{"start":{"line":16,"column":166},"end":{"line":16,"column":199}}],"line":16},"5":{"loc":{"start":{"line":27,"column":58},"end":{"line":27,"column":105}},"type":"cond-expr","locations":[{"start":{"line":27,"column":83},"end":{"line":27,"column":97}},{"start":{"line":27,"column":100},"end":{"line":27,"column":105}}],"line":27}},"s":{"0":2,"1":2,"2":11,"3":1,"4":1,"5":2,"6":1,"7":1,"8":1,"9":1,"10":1,"11":1,"12":4},"f":{"0":11,"1":1},"b":{"0":[10],"1":[1,2,1,1,1,1,4],"2":[1,0],"3":[1,1,0],"4":[0,0],"5":[1,0]},"_coverageSchema":"1a1c01bbd47fc00a2c39e90264f33305004495a9","hash":"d04cfb28eeae420875d20f04ca485d212a10dccf"}
,"C:\\Users\\Siarhei_Ivaneichyk\\Desktop\\reactMentoring\\reactApplication\\src\\redux\\reducers\\index.js": {"path":"C:\\Users\\Siarhei_Ivaneichyk\\Desktop\\reactMentoring\\reactApplication\\src\\redux\\reducers\\index.js","statementMap":{"0":{"start":{"line":4,"column":27},"end":{"line":6,"column":2}}},"fnMap":{},"branchMap":{},"s":{"0":2},"f":{},"b":{},"_coverageSchema":"1a1c01bbd47fc00a2c39e90264f33305004495a9","hash":"35d00222d229d00c281628f95131d8568c3c3855"}
}
