TN:
SF:src\App.js
FN:11,(anonymous_0)
FN:16,(anonymous_1)
FN:17,(anonymous_2)
FN:18,(anonymous_3)
FNF:4
FNH:0
FNDA:0,(anonymous_0)
FNDA:0,(anonymous_1)
FNDA:0,(anonymous_2)
FNDA:0,(anonymous_3)
DA:11,0
DA:12,0
DA:16,0
DA:17,0
DA:18,0
LF:5
LH:0
BRF:0
BRH:0
end_of_record
TN:
SF:src\components\footer\index.js
FNF:0
FNH:0
LF:0
LH:0
BRF:0
BRH:0
end_of_record
TN:
SF:src\components\movieList\movieList.jsx
FN:10,(anonymous_0)
FN:15,(anonymous_1)
FN:17,(anonymous_2)
FN:20,(anonymous_3)
FN:25,(anonymous_4)
FN:32,(anonymous_5)
FN:38,(anonymous_6)
FN:46,(anonymous_7)
FN:56,(anonymous_8)
FN:77,(anonymous_9)
FN:85,(anonymous_10)
FNF:11
FNH:0
FNDA:0,(anonymous_0)
FNDA:0,(anonymous_1)
FNDA:0,(anonymous_2)
FNDA:0,(anonymous_3)
FNDA:0,(anonymous_4)
FNDA:0,(anonymous_5)
FNDA:0,(anonymous_6)
FNDA:0,(anonymous_7)
FNDA:0,(anonymous_8)
FNDA:0,(anonymous_9)
FNDA:0,(anonymous_10)
DA:10,0
DA:11,0
DA:12,0
DA:13,0
DA:15,0
DA:16,0
DA:17,0
DA:20,0
DA:21,0
DA:22,0
DA:25,0
DA:26,0
DA:27,0
DA:29,0
DA:32,0
DA:33,0
DA:34,0
DA:38,0
DA:39,0
DA:40,0
DA:42,0
DA:46,0
DA:47,0
DA:48,0
DA:49,0
DA:50,0
DA:52,0
DA:56,0
DA:57,0
DA:58,0
DA:61,0
DA:77,0
DA:85,0
DA:86,0
LF:34
LH:0
BRDA:26,0,0,0
BRDA:26,0,1,0
BRDA:33,1,0,0
BRDA:33,1,1,0
BRDA:39,2,0,0
BRDA:39,2,1,0
BRDA:47,3,0,0
BRDA:47,3,1,0
BRDA:47,4,0,0
BRDA:47,4,1,0
BRDA:49,5,0,0
BRDA:49,5,1,0
BRDA:49,6,0,0
BRDA:49,6,1,0
BRDA:73,7,0,0
BRDA:73,7,1,0
BRDA:73,8,0,0
BRDA:73,8,1,0
BRDA:74,9,0,0
BRDA:74,9,1,0
BRDA:77,10,0,0
BRDA:77,10,1,0
BRF:22
BRH:0
end_of_record
TN:
SF:src\components\movieList\editMovieModal\editMovieModal.jsx
FN:13,(anonymous_0)
FN:27,(anonymous_1)
FN:29,(anonymous_2)
FN:49,(anonymous_3)
FN:51,(anonymous_4)
FN:62,(anonymous_5)
FN:72,(anonymous_6)
FN:82,(anonymous_7)
FN:104,(anonymous_8)
FN:115,(anonymous_9)
FN:125,(anonymous_10)
FN:135,(anonymous_11)
FNF:12
FNH:2
FNDA:10,(anonymous_0)
FNDA:0,(anonymous_1)
FNDA:0,(anonymous_2)
FNDA:0,(anonymous_3)
FNDA:41,(anonymous_4)
FNDA:0,(anonymous_5)
FNDA:0,(anonymous_6)
FNDA:0,(anonymous_7)
FNDA:0,(anonymous_8)
FNDA:0,(anonymous_9)
FNDA:0,(anonymous_10)
FNDA:0,(anonymous_11)
DA:13,1
DA:14,10
DA:15,10
DA:27,10
DA:28,0
DA:29,0
DA:30,0
DA:32,0
DA:34,0
DA:37,10
DA:49,10
DA:52,41
DA:62,0
DA:72,0
DA:82,0
DA:104,0
DA:115,0
DA:125,0
DA:135,0
LF:19
LH:7
BRDA:29,0,0,0
BRDA:29,0,1,0
BRF:2
BRH:0
end_of_record
TN:
SF:src\pages\filmPage\filmPage.jsx
FN:6,(anonymous_0)
FNF:1
FNH:0
FNDA:0,(anonymous_0)
DA:6,0
DA:7,0
LF:2
LH:0
BRF:0
BRH:0
end_of_record
TN:
SF:src\redux\actions.js
FN:10,(anonymous_0)
FN:20,(anonymous_1)
FN:25,(anonymous_2)
FN:30,(anonymous_3)
FN:35,(anonymous_4)
FN:40,(anonymous_5)
FN:46,(anonymous_6)
FN:46,(anonymous_7)
FN:49,(anonymous_8)
FN:56,(anonymous_9)
FN:56,(anonymous_10)
FN:58,(anonymous_11)
FN:65,(anonymous_12)
FN:65,(anonymous_13)
FN:76,(anonymous_14)
FN:76,(anonymous_15)
FN:82,(anonymous_16)
FN:89,(anonymous_17)
FN:89,(anonymous_18)
FN:95,(anonymous_19)
FNF:20
FNH:0
FNDA:0,(anonymous_0)
FNDA:0,(anonymous_1)
FNDA:0,(anonymous_2)
FNDA:0,(anonymous_3)
FNDA:0,(anonymous_4)
FNDA:0,(anonymous_5)
FNDA:0,(anonymous_6)
FNDA:0,(anonymous_7)
FNDA:0,(anonymous_8)
FNDA:0,(anonymous_9)
FNDA:0,(anonymous_10)
FNDA:0,(anonymous_11)
FNDA:0,(anonymous_12)
FNDA:0,(anonymous_13)
FNDA:0,(anonymous_14)
FNDA:0,(anonymous_15)
FNDA:0,(anonymous_16)
FNDA:0,(anonymous_17)
FNDA:0,(anonymous_18)
FNDA:0,(anonymous_19)
DA:3,2
DA:4,2
DA:5,2
DA:6,2
DA:7,2
DA:8,2
DA:10,2
DA:20,2
DA:25,2
DA:30,2
DA:35,2
DA:40,2
DA:46,2
DA:47,0
DA:48,0
DA:49,0
DA:50,0
DA:52,0
DA:56,2
DA:57,0
DA:58,0
DA:59,0
DA:61,0
DA:65,2
DA:66,0
DA:67,0
DA:70,0
DA:72,0
DA:76,2
DA:77,0
DA:78,0
DA:82,0
DA:83,0
DA:85,0
DA:89,2
DA:90,0
DA:91,0
DA:95,0
DA:96,0
DA:98,0
LF:40
LH:17
BRDA:48,0,0,0
BRDA:48,0,1,0
BRDA:48,1,0,0
BRDA:48,1,1,0
BRDA:48,2,0,0
BRDA:48,2,1,0
BRDA:48,3,0,0
BRDA:48,3,1,0
BRDA:48,4,0,0
BRDA:48,4,1,0
BRF:10
BRH:0
end_of_record
TN:
SF:src\redux\store.js
FNF:0
FNH:0
DA:6,2
LF:1
LH:1
BRF:0
BRH:0
end_of_record
TN:
SF:src\redux\reducers\homePage.js
FN:13,(anonymous_0)
FN:27,(anonymous_1)
FNF:2
FNH:2
FNDA:11,(anonymous_0)
FNDA:1,(anonymous_1)
DA:3,2
DA:13,2
DA:14,11
DA:16,1
DA:17,1
DA:19,2
DA:21,1
DA:23,1
DA:25,1
DA:27,1
DA:28,1
DA:30,4
LF:12
LH:12
BRDA:13,0,0,10
BRDA:14,1,0,1
BRDA:14,1,1,2
BRDA:14,1,2,1
BRDA:14,1,3,1
BRDA:14,1,4,1
BRDA:14,1,5,1
BRDA:14,1,6,4
BRDA:16,2,0,1
BRDA:16,2,1,0
BRDA:16,3,0,1
BRDA:16,3,1,1
BRDA:16,3,2,0
BRDA:16,4,0,0
BRDA:16,4,1,0
BRDA:27,5,0,1
BRDA:27,5,1,0
BRF:17
BRH:12
end_of_record
TN:
SF:src\redux\reducers\index.js
FNF:0
FNH:0
DA:4,2
LF:1
LH:1
BRF:0
BRH:0
end_of_record
